<?xml version="1.0" encoding="UTF-8"?>
<!-- Generated by org.testng.reporters.JUnitXMLReporter -->
<testsuite hostname="SRAVANTHIT" name="Test" tests="3" failures="0" timestamp="30 Jun 2019 05:21:04 GMT" time="34.849" errors="0">
  <testcase name="loginPageTitleTest" time="0.08" classname="com.HRMpom.testcasescripts.LoginPageTest"/>
  <testcase name="LoginTest" time="2.909" classname="com.HRMpom.testcasescripts.LoginPageTest"/>
  <testcase name="verifyHomePageTitleTest" time="0.057" classname="com.HRMpom.testcasescripts.HomePageTest"/>
</testsuite> <!-- Test -->
