<?xml version="1.0" encoding="UTF-8"?>
<testng-results skipped="0" failed="0" total="2" passed="2">
  <reporter-output>
  </reporter-output>
  <suite name="Default suite" duration-ms="15459" started-at="2019-06-30T05:22:53Z" finished-at="2019-06-30T05:23:08Z">
    <groups>
    </groups>
    <test name="Default test" duration-ms="15459" started-at="2019-06-30T05:22:53Z" finished-at="2019-06-30T05:23:08Z">
      <class name="com.HRMpom.testcasescripts.LoginPageTest">
        <test-method status="PASS" signature="setup()[pri:0, instance:com.HRMpom.testcasescripts.LoginPageTest@3dd3bcd]" name="setup" is-config="true" duration-ms="12533" started-at="2019-06-30T10:52:53Z" finished-at="2019-06-30T10:53:05Z">
          <reporter-output>
          </reporter-output>
        </test-method> <!-- setup -->
        <test-method status="PASS" signature="loginPageTitleTest()[pri:1, instance:com.HRMpom.testcasescripts.LoginPageTest@3dd3bcd]" name="loginPageTitleTest" duration-ms="59" started-at="2019-06-30T10:53:05Z" finished-at="2019-06-30T10:53:05Z">
          <reporter-output>
          </reporter-output>
        </test-method> <!-- loginPageTitleTest -->
        <test-method status="PASS" signature="LoginTest()[pri:2, instance:com.HRMpom.testcasescripts.LoginPageTest@3dd3bcd]" name="LoginTest" duration-ms="2841" started-at="2019-06-30T10:53:05Z" finished-at="2019-06-30T10:53:08Z">
          <reporter-output>
          </reporter-output>
        </test-method> <!-- LoginTest -->
        <test-method status="PASS" signature="teardown()[pri:0, instance:com.HRMpom.testcasescripts.LoginPageTest@3dd3bcd]" name="teardown" is-config="true" duration-ms="0" started-at="2019-06-30T10:53:08Z" finished-at="2019-06-30T10:53:08Z">
          <reporter-output>
          </reporter-output>
        </test-method> <!-- teardown -->
      </class> <!-- com.HRMpom.testcasescripts.LoginPageTest -->
    </test> <!-- Default test -->
  </suite> <!-- Default suite -->
</testng-results>
